<?xml version="1.0" encoding="UTF-8"?>
<!-- Generated by org.testng.reporters.JUnitXMLReporter -->
<testsuite hostname="IZDT-211" ignored="1" name="AddPages" tests="11" failures="0" timestamp="13 Jun 2018 13:03:24 GMT" time="161.505" errors="0">
  <testcase name="loginSc" time="23.112" classname="com.sc.pages.testcases.AddPages"/>
  <testcase name="contentPageAdd" time="11.299" classname="com.sc.pages.testcases.AddPages"/>
  <testcase name="campaignPageAdd" time="25.278" classname="com.sc.pages.testcases.AddPages"/>
  <testcase name="specialPageAdd" time="15.583" classname="com.sc.pages.testcases.AddPages"/>
  <testcase name="aboutusPageAdd" time="48.13" classname="com.sc.pages.testcases.AddPages"/>
  <testcase name="tearDown" time="0.835" classname="com.sc.pages.testcases.AddPages"/>
  <testcase name="siteUrl" time="24.233" classname="com.frontend.pages.testcases.FrontendPages"/>
  <testcase name="contentPage" time="5.175" classname="com.frontend.pages.testcases.FrontendPages"/>
  <testcase name="campaignPage" time="3.177" classname="com.frontend.pages.testcases.FrontendPages"/>
  <testcase name="specialPage" time="3.769" classname="com.frontend.pages.testcases.FrontendPages"/>
  <testcase name="tearDown" time="0.874" classname="com.frontend.pages.testcases.FrontendPages"/>
  <testcase name="@BeforeSuite setUp" time="0.0" classname="com.izmo.qa.util.ExtentReporterNG">
    <ignored/>
  </testcase> <!-- @BeforeSuite setUp -->
</testsuite> <!-- AddPages -->
