<?xml version="1.0" encoding="UTF-8"?>
<!-- Generated by org.testng.reporters.JUnitXMLReporter -->
<testsuite hostname="IZDT-211" ignored="0" name="Default test" tests="4" failures="0" timestamp="12 Jun 2018 06:07:22 GMT" time="54.057" errors="0">
  <testcase name="loginSc" time="23.755" classname="sc.pages.testcases.ContentPage"/>
  <testcase name="contentPageAdd" time="9.38" classname="sc.pages.testcases.ContentPage"/>
  <testcase name="campaignPageAdd" time="11.047" classname="sc.pages.testcases.ContentPage"/>
  <testcase name="specialPageAdd" time="9.855" classname="sc.pages.testcases.ContentPage"/>
</testsuite> <!-- Default test -->
