<?xml version="1.0" encoding="UTF-8"?>
<testng-results skipped="0" failed="0" ignored="0" total="4" passed="4">
  <reporter-output>
  </reporter-output>
  <suite name="Default suite" duration-ms="54057" started-at="2018-06-12T06:06:28Z" finished-at="2018-06-12T06:07:22Z">
    <groups>
    </groups>
    <test name="Default test" duration-ms="54057" started-at="2018-06-12T06:06:28Z" finished-at="2018-06-12T06:07:22Z">
      <class name="sc.pages.testcases.ContentPage">
        <test-method status="PASS" signature="setUp()[pri:0, instance:sc.pages.testcases.ContentPage@204f30ec]" name="setUp" is-config="true" duration-ms="118" started-at="2018-06-12T06:06:28Z" finished-at="2018-06-12T06:06:28Z">
          <reporter-output>
          </reporter-output>
        </test-method> <!-- setUp -->
        <test-method status="PASS" signature="loginSc()[pri:1, instance:sc.pages.testcases.ContentPage@204f30ec]" name="loginSc" duration-ms="23755" started-at="2018-06-12T06:06:28Z" finished-at="2018-06-12T06:06:52Z">
          <reporter-output>
          </reporter-output>
        </test-method> <!-- loginSc -->
        <test-method status="PASS" signature="getResult(org.testng.ITestResult)[pri:0, instance:sc.pages.testcases.ContentPage@204f30ec]" name="getResult" is-config="true" duration-ms="3" started-at="2018-06-12T06:06:52Z" finished-at="2018-06-12T06:06:52Z">
          <params>
            <param index="0">
              <value>
                <![CDATA[[TestResult name=loginSc status=SUCCESS method=ContentPage.loginSc()[pri:1, instance:sc.pages.testcases.ContentPage@204f30ec] output={null}]]]>
              </value>
            </param>
          </params>
          <reporter-output>
          </reporter-output>
        </test-method> <!-- getResult -->
        <test-method status="PASS" signature="contentPageAdd()[pri:2, instance:sc.pages.testcases.ContentPage@204f30ec]" name="contentPageAdd" duration-ms="9380" started-at="2018-06-12T06:06:52Z" finished-at="2018-06-12T06:07:01Z">
          <reporter-output>
          </reporter-output>
        </test-method> <!-- contentPageAdd -->
        <test-method status="PASS" signature="getResult(org.testng.ITestResult)[pri:0, instance:sc.pages.testcases.ContentPage@204f30ec]" name="getResult" is-config="true" duration-ms="1" started-at="2018-06-12T06:07:01Z" finished-at="2018-06-12T06:07:01Z">
          <params>
            <param index="0">
              <value>
                <![CDATA[[TestResult name=contentPageAdd status=SUCCESS method=ContentPage.contentPageAdd()[pri:2, instance:sc.pages.testcases.ContentPage@204f30ec] output={null}]]]>
              </value>
            </param>
          </params>
          <reporter-output>
          </reporter-output>
        </test-method> <!-- getResult -->
        <test-method status="PASS" signature="campaignPageAdd()[pri:3, instance:sc.pages.testcases.ContentPage@204f30ec]" name="campaignPageAdd" duration-ms="11047" started-at="2018-06-12T06:07:01Z" finished-at="2018-06-12T06:07:12Z">
          <reporter-output>
          </reporter-output>
        </test-method> <!-- campaignPageAdd -->
        <test-method status="PASS" signature="getResult(org.testng.ITestResult)[pri:0, instance:sc.pages.testcases.ContentPage@204f30ec]" name="getResult" is-config="true" duration-ms="0" started-at="2018-06-12T06:07:12Z" finished-at="2018-06-12T06:07:12Z">
          <params>
            <param index="0">
              <value>
                <![CDATA[[TestResult name=campaignPageAdd status=SUCCESS method=ContentPage.campaignPageAdd()[pri:3, instance:sc.pages.testcases.ContentPage@204f30ec] output={null}]]]>
              </value>
            </param>
          </params>
          <reporter-output>
          </reporter-output>
        </test-method> <!-- getResult -->
        <test-method status="PASS" signature="specialPageAdd()[pri:4, instance:sc.pages.testcases.ContentPage@204f30ec]" name="specialPageAdd" duration-ms="9855" started-at="2018-06-12T06:07:12Z" finished-at="2018-06-12T06:07:22Z">
          <reporter-output>
          </reporter-output>
        </test-method> <!-- specialPageAdd -->
        <test-method status="PASS" signature="getResult(org.testng.ITestResult)[pri:0, instance:sc.pages.testcases.ContentPage@204f30ec]" name="getResult" is-config="true" duration-ms="0" started-at="2018-06-12T06:07:22Z" finished-at="2018-06-12T06:07:22Z">
          <params>
            <param index="0">
              <value>
                <![CDATA[[TestResult name=specialPageAdd status=SUCCESS method=ContentPage.specialPageAdd()[pri:4, instance:sc.pages.testcases.ContentPage@204f30ec] output={null}]]]>
              </value>
            </param>
          </params>
          <reporter-output>
          </reporter-output>
        </test-method> <!-- getResult -->
        <test-method status="PASS" signature="tearDown()[pri:0, instance:sc.pages.testcases.ContentPage@204f30ec]" name="tearDown" is-config="true" duration-ms="184" started-at="2018-06-12T06:07:22Z" finished-at="2018-06-12T06:07:22Z">
          <reporter-output>
          </reporter-output>
        </test-method> <!-- tearDown -->
      </class> <!-- sc.pages.testcases.ContentPage -->
    </test> <!-- Default test -->
  </suite> <!-- Default suite -->
</testng-results>
